<?xml version="1.0" encoding="UTF-8"?>
<testng-results skipped="0" failed="1" total="5" passed="4">
  <reporter-output>
  </reporter-output>
  <suite name="Suite" duration-ms="28226" started-at="2020-08-15T04:56:23Z" finished-at="2020-08-15T04:56:52Z">
    <groups>
    </groups>
    <test name="valiadating abc" duration-ms="4" started-at="2020-08-15T04:56:23Z" finished-at="2020-08-15T04:56:23Z">
    </test> <!-- valiadating abc -->
    <test name="Testasdsa" duration-ms="15301" started-at="2020-08-15T04:56:24Z" finished-at="2020-08-15T04:56:39Z">
      <class name="qaclickacademy.homepage">
        <test-method status="PASS" signature="initializ()[pri:0, instance:qaclickacademy.homepage@1817d444]" name="initializ" is-config="true" duration-ms="3670" started-at="2020-08-15T10:26:24Z" finished-at="2020-08-15T10:26:27Z">
          <reporter-output>
          </reporter-output>
        </test-method> <!-- initializ -->
        <test-method status="PASS" signature="homepageabc(java.lang.String, java.lang.String, java.lang.String)[pri:0, instance:qaclickacademy.homepage@1817d444]" name="homepageabc" duration-ms="6467" started-at="2020-08-15T10:26:27Z" data-provider="getData" finished-at="2020-08-15T10:26:34Z">
          <params>
            <param index="0">
              <value>
                <![CDATA[ramesha]]>
              </value>
            </param>
            <param index="1">
              <value>
                <![CDATA[12345]]>
              </value>
            </param>
            <param index="2">
              <value>
                <![CDATA[Restrcted User]]>
              </value>
            </param>
          </params>
          <reporter-output>
          </reporter-output>
        </test-method> <!-- homepageabc -->
        <test-method status="PASS" signature="homepageabc(java.lang.String, java.lang.String, java.lang.String)[pri:0, instance:qaclickacademy.homepage@1817d444]" name="homepageabc" duration-ms="3070" started-at="2020-08-15T10:26:34Z" data-provider="getData" finished-at="2020-08-15T10:26:37Z">
          <params>
            <param index="0">
              <value>
                <![CDATA[ahsh@jhj]]>
              </value>
            </param>
            <param index="1">
              <value>
                <![CDATA[234253]]>
              </value>
            </param>
            <param index="2">
              <value>
                <![CDATA[sdbhbUser]]>
              </value>
            </param>
          </params>
          <reporter-output>
          </reporter-output>
        </test-method> <!-- homepageabc -->
        <test-method status="PASS" signature="teardown()[pri:0, instance:qaclickacademy.homepage@1817d444]" name="teardown" is-config="true" duration-ms="2084" started-at="2020-08-15T10:26:37Z" finished-at="2020-08-15T10:26:39Z">
          <reporter-output>
          </reporter-output>
        </test-method> <!-- teardown -->
      </class> <!-- qaclickacademy.homepage -->
    </test> <!-- Testasdsa -->
    <test name="Testssdrtghads" duration-ms="6791" started-at="2020-08-15T04:56:39Z" finished-at="2020-08-15T04:56:46Z">
      <class name="qaclickacademy.AssertionhomepageURl4">
        <test-method status="PASS" signature="initialize()[pri:0, instance:qaclickacademy.AssertionhomepageURl4@31c88ec8]" name="initialize" is-config="true" duration-ms="5894" started-at="2020-08-15T10:26:39Z" finished-at="2020-08-15T10:26:45Z">
          <reporter-output>
          </reporter-output>
        </test-method> <!-- initialize -->
        <test-method status="FAIL" signature="homepageabc()[pri:0, instance:qaclickacademy.AssertionhomepageURl4@31c88ec8]" name="homepageabc" duration-ms="52" started-at="2020-08-15T10:26:45Z" finished-at="2020-08-15T10:26:45Z">
          <exception class="java.lang.AssertionError">
            <message>
              <![CDATA[expected [FEATURED OURSES] but found [FEATURED COURSES]]]>
            </message>
            <full-stacktrace>
              <![CDATA[java.lang.AssertionError: expected [FEATURED OURSES] but found [FEATURED COURSES]
	at org.testng.Assert.fail(Assert.java:94)
	at org.testng.Assert.failNotEquals(Assert.java:494)
	at org.testng.Assert.assertEquals(Assert.java:123)
	at org.testng.Assert.assertEquals(Assert.java:176)
	at org.testng.Assert.assertEquals(Assert.java:186)
	at qaclickacademy.AssertionhomepageURl4.homepageabc(AssertionhomepageURl4.java:38)
	at sun.reflect.NativeMethodAccessorImpl.invoke0(Native Method)
	at sun.reflect.NativeMethodAccessorImpl.invoke(NativeMethodAccessorImpl.java:62)
	at sun.reflect.DelegatingMethodAccessorImpl.invoke(DelegatingMethodAccessorImpl.java:43)
	at java.lang.reflect.Method.invoke(Method.java:498)
	at org.testng.internal.MethodInvocationHelper.invokeMethod(MethodInvocationHelper.java:80)
	at org.testng.internal.Invoker.invokeMethod(Invoker.java:714)
	at org.testng.internal.Invoker.invokeTestMethod(Invoker.java:901)
	at org.testng.internal.Invoker.invokeTestMethods(Invoker.java:1231)
	at org.testng.internal.TestMethodWorker.invokeTestMethods(TestMethodWorker.java:127)
	at org.testng.internal.TestMethodWorker.run(TestMethodWorker.java:111)
	at org.testng.TestRunner.privateRun(TestRunner.java:767)
	at org.testng.TestRunner.run(TestRunner.java:617)
	at org.testng.SuiteRunner.runTest(SuiteRunner.java:334)
	at org.testng.SuiteRunner.runSequentially(SuiteRunner.java:329)
	at org.testng.SuiteRunner.privateRun(SuiteRunner.java:291)
	at org.testng.SuiteRunner.run(SuiteRunner.java:240)
	at org.testng.SuiteRunnerWorker.runSuite(SuiteRunnerWorker.java:52)
	at org.testng.SuiteRunnerWorker.run(SuiteRunnerWorker.java:86)
	at org.testng.TestNG.runSuitesSequentially(TestNG.java:1198)
	at org.testng.TestNG.runSuitesLocally(TestNG.java:1123)
	at org.testng.TestNG.run(TestNG.java:1031)
	at org.apache.maven.surefire.testng.TestNGExecutor.run(TestNGExecutor.java:283)
	at org.apache.maven.surefire.testng.TestNGXmlTestSuite.execute(TestNGXmlTestSuite.java:75)
	at org.apache.maven.surefire.testng.TestNGProvider.invoke(TestNGProvider.java:120)
	at org.apache.maven.surefire.booter.ForkedBooter.invokeProviderInSameClassLoader(ForkedBooter.java:386)
	at org.apache.maven.surefire.booter.ForkedBooter.runSuitesInProcess(ForkedBooter.java:323)
	at org.apache.maven.surefire.booter.ForkedBooter.main(ForkedBooter.java:143)
]]>
            </full-stacktrace>
          </exception> <!-- java.lang.AssertionError -->
          <reporter-output>
          </reporter-output>
        </test-method> <!-- homepageabc -->
        <test-method status="PASS" signature="teardown()[pri:0, instance:qaclickacademy.AssertionhomepageURl4@31c88ec8]" name="teardown" is-config="true" duration-ms="186" started-at="2020-08-15T10:26:45Z" finished-at="2020-08-15T10:26:46Z">
          <reporter-output>
          </reporter-output>
        </test-method> <!-- teardown -->
      </class> <!-- qaclickacademy.AssertionhomepageURl4 -->
    </test> <!-- Testssdrtghads -->
    <test name="Testfgfh" duration-ms="6064" started-at="2020-08-15T04:56:46Z" finished-at="2020-08-15T04:56:52Z">
      <class name="qaclickacademy.AssertionhomepageTitle3">
        <test-method status="PASS" signature="homepageabc()[pri:0, instance:qaclickacademy.AssertionhomepageTitle3@3427b02d]" name="homepageabc" duration-ms="5643" started-at="2020-08-15T10:26:46Z" finished-at="2020-08-15T10:26:51Z">
          <reporter-output>
          </reporter-output>
        </test-method> <!-- homepageabc -->
        <test-method status="PASS" signature="validateAppTitle()[pri:0, instance:qaclickacademy.AssertionhomepageTitle3@3427b02d]" name="validateAppTitle" duration-ms="199" started-at="2020-08-15T10:26:51Z" finished-at="2020-08-15T10:26:51Z">
          <reporter-output>
          </reporter-output>
        </test-method> <!-- validateAppTitle -->
        <test-method status="PASS" signature="teardown()[pri:0, instance:qaclickacademy.AssertionhomepageTitle3@3427b02d]" name="teardown" is-config="true" duration-ms="219" started-at="2020-08-15T10:26:51Z" finished-at="2020-08-15T10:26:52Z">
          <reporter-output>
          </reporter-output>
        </test-method> <!-- teardown -->
      </class> <!-- qaclickacademy.AssertionhomepageTitle3 -->
    </test> <!-- Testfgfh -->
  </suite> <!-- Suite -->
</testng-results>
