<?xml version="1.0" encoding="UTF-8"?>
<!-- Generated by org.testng.reporters.JUnitXMLReporter -->
<testsuite hostname="Admin-PC" name="Testssdrtghads" tests="1" failures="1" timestamp="3 May 2020 12:18:28 GMT" time="8.331" errors="0">
  <testcase name="homepageabc" time="0.047" classname="qaclickacademy.AssertionhomepageURl4">
    <failure type="java.lang.AssertionError" message="expected [FEATURED OURSES] but found [FEATURED COURSES]">
      <![CDATA[java.lang.AssertionError: expected [FEATURED OURSES] but found [FEATURED COURSES]
	at qaclickacademy.AssertionhomepageURl4.homepageabc(AssertionhomepageURl4.java:38)
... Removed 29 stack frames]]>
    </failure>
  </testcase> <!-- homepageabc -->
</testsuite> <!-- Testssdrtghads -->
