<?xml version="1.0" encoding="UTF-8"?>
<!-- Generated by org.testng.reporters.JUnitReportReporter -->
<testsuite hostname="Admin-PC" name="SeleniumProject.Homepage" tests="2" failures="2" timestamp="6 Sep 2020 00:10:36 GMT" time="0.011" errors="0">
  <testcase name="basepagenavigation" time="0.001" classname="SeleniumProject.Homepage">
    <failure type="org.openqa.selenium.SessionNotCreatedException" message="session not created: This version of ChromeDriver only supports Chrome version 86
Current browser version is 85.0.4183.83 with binary path C:\Program Files (x86)\Google\Chrome\Application\chrome.exe
Build info: version: &#039;3.141.59&#039;, revision: &#039;e82be7d358&#039;, time: &#039;2018-11-14T08:17:03&#039;
System info: host: &#039;ADMIN-PC&#039;, ip: &#039;192.168.43.190&#039;, os.name: &#039;Windows 7&#039;, os.arch: &#039;amd64&#039;, os.version: &#039;6.1&#039;, java.version: &#039;1.8.0_131&#039;
Driver info: driver.version: ChromeDriver
remote stacktrace: Backtrace:
	Ordinal0 [0x006FC013+3194899]
	Ordinal0 [0x005E6021+2056225]
	Ordinal0 [0x0047F608+587272]
	Ordinal0 [0x00401BF3+72691]
	Ordinal0 [0x003FE229+57897]
	Ordinal0 [0x003FC64A+50762]
	Ordinal0 [0x00421EE9+204521]
	Ordinal0 [0x00421D0D+204045]
	Ordinal0 [0x0041FC1B+195611]
	Ordinal0 [0x00403B7F+80767]
	Ordinal0 [0x00404B4E+84814]
	Ordinal0 [0x00404AD9+84697]
	Ordinal0 [0x005FCE64+2149988]
	GetHandleVerifier [0x0086BE95+1400773]
	GetHandleVerifier [0x0086BB61+1399953]
	GetHandleVerifier [0x008731FA+1430314]
	GetHandleVerifier [0x0086C69F+1402831]
	Ordinal0 [0x005F3D61+2112865]
	Ordinal0 [0x005FE5CB+2155979]
	Ordinal0 [0x005FE6F5+2156277]
	Ordinal0 [0x0060F26E+2224750]
	BaseThreadInitThunk [0x76B0338A+18]
	RtlInitializeExceptionChain [0x77119902+99]
	RtlInitializeExceptionChain [0x771198D5+54]
">
      <![CDATA[org.openqa.selenium.SessionNotCreatedException: session not created: This version of ChromeDriver only supports Chrome version 86
Current browser version is 85.0.4183.83 with binary path C:\Program Files (x86)\Google\Chrome\Application\chrome.exe
Build info: version: '3.141.59', revision: 'e82be7d358', time: '2018-11-14T08:17:03'
System info: host: 'ADMIN-PC', ip: '192.168.43.190', os.name: 'Windows 7', os.arch: 'amd64', os.version: '6.1', java.version: '1.8.0_131'
Driver info: driver.version: ChromeDriver
remote stacktrace: Backtrace:
	Ordinal0 [0x006FC013+3194899]
	Ordinal0 [0x005E6021+2056225]
	Ordinal0 [0x0047F608+587272]
	Ordinal0 [0x00401BF3+72691]
	Ordinal0 [0x003FE229+57897]
	Ordinal0 [0x003FC64A+50762]
	Ordinal0 [0x00421EE9+204521]
	Ordinal0 [0x00421D0D+204045]
	Ordinal0 [0x0041FC1B+195611]
	Ordinal0 [0x00403B7F+80767]
	Ordinal0 [0x00404B4E+84814]
	Ordinal0 [0x00404AD9+84697]
	Ordinal0 [0x005FCE64+2149988]
	GetHandleVerifier [0x0086BE95+1400773]
	GetHandleVerifier [0x0086BB61+1399953]
	GetHandleVerifier [0x008731FA+1430314]
	GetHandleVerifier [0x0086C69F+1402831]
	Ordinal0 [0x005F3D61+2112865]
	Ordinal0 [0x005FE5CB+2155979]
	Ordinal0 [0x005FE6F5+2156277]
	Ordinal0 [0x0060F26E+2224750]
	BaseThreadInitThunk [0x76B0338A+18]
	RtlInitializeExceptionChain [0x77119902+99]
	RtlInitializeExceptionChain [0x771198D5+54]

	at sun.reflect.NativeConstructorAccessorImpl.newInstance0(Native Method)
	at sun.reflect.NativeConstructorAccessorImpl.newInstance(NativeConstructorAccessorImpl.java:62)
	at sun.reflect.DelegatingConstructorAccessorImpl.newInstance(DelegatingConstructorAccessorImpl.java:45)
	at java.lang.reflect.Constructor.newInstance(Constructor.java:423)
	at org.openqa.selenium.remote.W3CHandshakeResponse.lambda$errorHandler$0(W3CHandshakeResponse.java:62)
	at org.openqa.selenium.remote.HandshakeResponse.lambda$getResponseFunction$0(HandshakeResponse.java:30)
	at org.openqa.selenium.remote.ProtocolHandshake.lambda$createSession$0(ProtocolHandshake.java:126)
	at java.util.stream.ReferencePipeline$3$1.accept(ReferencePipeline.java:193)
	at java.util.Spliterators$ArraySpliterator.tryAdvance(Spliterators.java:958)
	at java.util.stream.ReferencePipeline.forEachWithCancel(ReferencePipeline.java:126)
	at java.util.stream.AbstractPipeline.copyIntoWithCancel(AbstractPipeline.java:498)
	at java.util.stream.AbstractPipeline.copyInto(AbstractPipeline.java:485)
	at java.util.stream.AbstractPipeline.wrapAndCopyInto(AbstractPipeline.java:471)
	at java.util.stream.FindOps$FindOp.evaluateSequential(FindOps.java:152)
	at java.util.stream.AbstractPipeline.evaluate(AbstractPipeline.java:234)
	at java.util.stream.ReferencePipeline.findFirst(ReferencePipeline.java:464)
	at org.openqa.selenium.remote.ProtocolHandshake.createSession(ProtocolHandshake.java:128)
	at org.openqa.selenium.remote.ProtocolHandshake.createSession(ProtocolHandshake.java:74)
	at org.openqa.selenium.remote.HttpCommandExecutor.execute(HttpCommandExecutor.java:136)
	at org.openqa.selenium.remote.service.DriverCommandExecutor.execute(DriverCommandExecutor.java:83)
	at org.openqa.selenium.remote.RemoteWebDriver.execute(RemoteWebDriver.java:552)
	at org.openqa.selenium.remote.RemoteWebDriver.startSession(RemoteWebDriver.java:213)
	at org.openqa.selenium.remote.RemoteWebDriver.<init>(RemoteWebDriver.java:131)
	at org.openqa.selenium.chrome.ChromeDriver.<init>(ChromeDriver.java:181)
	at org.openqa.selenium.chrome.ChromeDriver.<init>(ChromeDriver.java:168)
	at org.openqa.selenium.chrome.ChromeDriver.<init>(ChromeDriver.java:123)
	at resource.Baseclass.initializeDriver(Baseclass.java:34)
	at SeleniumProject.Homepage.beforetest(Homepage.java:24)
	at sun.reflect.NativeMethodAccessorImpl.invoke0(Native Method)
	at sun.reflect.NativeMethodAccessorImpl.invoke(NativeMethodAccessorImpl.java:62)
	at sun.reflect.DelegatingMethodAccessorImpl.invoke(DelegatingMethodAccessorImpl.java:43)
	at java.lang.reflect.Method.invoke(Method.java:498)
	at org.testng.internal.MethodInvocationHelper.invokeMethod(MethodInvocationHelper.java:80)
	at org.testng.internal.Invoker.invokeConfigurationMethod(Invoker.java:564)
	at org.testng.internal.Invoker.invokeConfigurations(Invoker.java:213)
	at org.testng.internal.Invoker.invokeConfigurations(Invoker.java:138)
	at org.testng.TestRunner.beforeRun(TestRunner.java:641)
	at org.testng.TestRunner.run(TestRunner.java:609)
	at org.testng.SuiteRunner.runTest(SuiteRunner.java:334)
	at org.testng.SuiteRunner.runSequentially(SuiteRunner.java:329)
	at org.testng.SuiteRunner.privateRun(SuiteRunner.java:291)
	at org.testng.SuiteRunner.run(SuiteRunner.java:240)
	at org.testng.SuiteRunnerWorker.runSuite(SuiteRunnerWorker.java:52)
	at org.testng.SuiteRunnerWorker.run(SuiteRunnerWorker.java:86)
	at org.testng.TestNG.runSuitesSequentially(TestNG.java:1198)
	at org.testng.TestNG.runSuitesLocally(TestNG.java:1123)
	at org.testng.TestNG.run(TestNG.java:1031)
	at org.testng.remote.AbstractRemoteTestNG.run(AbstractRemoteTestNG.java:126)
	at org.testng.remote.RemoteTestNG.initAndRun(RemoteTestNG.java:137)
	at org.testng.remote.RemoteTestNG.main(RemoteTestNG.java:58)
]]>
    </failure>
  </testcase> <!-- basepagenavigation -->
  <testcase name="basepagenavigation" time="0.010" classname="SeleniumProject.Homepage">
    <failure type="org.openqa.selenium.SessionNotCreatedException" message="session not created: This version of ChromeDriver only supports Chrome version 86
Current browser version is 85.0.4183.83 with binary path C:\Program Files (x86)\Google\Chrome\Application\chrome.exe
Build info: version: &#039;3.141.59&#039;, revision: &#039;e82be7d358&#039;, time: &#039;2018-11-14T08:17:03&#039;
System info: host: &#039;ADMIN-PC&#039;, ip: &#039;192.168.43.190&#039;, os.name: &#039;Windows 7&#039;, os.arch: &#039;amd64&#039;, os.version: &#039;6.1&#039;, java.version: &#039;1.8.0_131&#039;
Driver info: driver.version: ChromeDriver
remote stacktrace: Backtrace:
	Ordinal0 [0x006FC013+3194899]
	Ordinal0 [0x005E6021+2056225]
	Ordinal0 [0x0047F608+587272]
	Ordinal0 [0x00401BF3+72691]
	Ordinal0 [0x003FE229+57897]
	Ordinal0 [0x003FC64A+50762]
	Ordinal0 [0x00421EE9+204521]
	Ordinal0 [0x00421D0D+204045]
	Ordinal0 [0x0041FC1B+195611]
	Ordinal0 [0x00403B7F+80767]
	Ordinal0 [0x00404B4E+84814]
	Ordinal0 [0x00404AD9+84697]
	Ordinal0 [0x005FCE64+2149988]
	GetHandleVerifier [0x0086BE95+1400773]
	GetHandleVerifier [0x0086BB61+1399953]
	GetHandleVerifier [0x008731FA+1430314]
	GetHandleVerifier [0x0086C69F+1402831]
	Ordinal0 [0x005F3D61+2112865]
	Ordinal0 [0x005FE5CB+2155979]
	Ordinal0 [0x005FE6F5+2156277]
	Ordinal0 [0x0060F26E+2224750]
	BaseThreadInitThunk [0x76B0338A+18]
	RtlInitializeExceptionChain [0x77119902+99]
	RtlInitializeExceptionChain [0x771198D5+54]
">
      <![CDATA[org.openqa.selenium.SessionNotCreatedException: session not created: This version of ChromeDriver only supports Chrome version 86
Current browser version is 85.0.4183.83 with binary path C:\Program Files (x86)\Google\Chrome\Application\chrome.exe
Build info: version: '3.141.59', revision: 'e82be7d358', time: '2018-11-14T08:17:03'
System info: host: 'ADMIN-PC', ip: '192.168.43.190', os.name: 'Windows 7', os.arch: 'amd64', os.version: '6.1', java.version: '1.8.0_131'
Driver info: driver.version: ChromeDriver
remote stacktrace: Backtrace:
	Ordinal0 [0x006FC013+3194899]
	Ordinal0 [0x005E6021+2056225]
	Ordinal0 [0x0047F608+587272]
	Ordinal0 [0x00401BF3+72691]
	Ordinal0 [0x003FE229+57897]
	Ordinal0 [0x003FC64A+50762]
	Ordinal0 [0x00421EE9+204521]
	Ordinal0 [0x00421D0D+204045]
	Ordinal0 [0x0041FC1B+195611]
	Ordinal0 [0x00403B7F+80767]
	Ordinal0 [0x00404B4E+84814]
	Ordinal0 [0x00404AD9+84697]
	Ordinal0 [0x005FCE64+2149988]
	GetHandleVerifier [0x0086BE95+1400773]
	GetHandleVerifier [0x0086BB61+1399953]
	GetHandleVerifier [0x008731FA+1430314]
	GetHandleVerifier [0x0086C69F+1402831]
	Ordinal0 [0x005F3D61+2112865]
	Ordinal0 [0x005FE5CB+2155979]
	Ordinal0 [0x005FE6F5+2156277]
	Ordinal0 [0x0060F26E+2224750]
	BaseThreadInitThunk [0x76B0338A+18]
	RtlInitializeExceptionChain [0x77119902+99]
	RtlInitializeExceptionChain [0x771198D5+54]

	at sun.reflect.NativeConstructorAccessorImpl.newInstance0(Native Method)
	at sun.reflect.NativeConstructorAccessorImpl.newInstance(NativeConstructorAccessorImpl.java:62)
	at sun.reflect.DelegatingConstructorAccessorImpl.newInstance(DelegatingConstructorAccessorImpl.java:45)
	at java.lang.reflect.Constructor.newInstance(Constructor.java:423)
	at org.openqa.selenium.remote.W3CHandshakeResponse.lambda$errorHandler$0(W3CHandshakeResponse.java:62)
	at org.openqa.selenium.remote.HandshakeResponse.lambda$getResponseFunction$0(HandshakeResponse.java:30)
	at org.openqa.selenium.remote.ProtocolHandshake.lambda$createSession$0(ProtocolHandshake.java:126)
	at java.util.stream.ReferencePipeline$3$1.accept(ReferencePipeline.java:193)
	at java.util.Spliterators$ArraySpliterator.tryAdvance(Spliterators.java:958)
	at java.util.stream.ReferencePipeline.forEachWithCancel(ReferencePipeline.java:126)
	at java.util.stream.AbstractPipeline.copyIntoWithCancel(AbstractPipeline.java:498)
	at java.util.stream.AbstractPipeline.copyInto(AbstractPipeline.java:485)
	at java.util.stream.AbstractPipeline.wrapAndCopyInto(AbstractPipeline.java:471)
	at java.util.stream.FindOps$FindOp.evaluateSequential(FindOps.java:152)
	at java.util.stream.AbstractPipeline.evaluate(AbstractPipeline.java:234)
	at java.util.stream.ReferencePipeline.findFirst(ReferencePipeline.java:464)
	at org.openqa.selenium.remote.ProtocolHandshake.createSession(ProtocolHandshake.java:128)
	at org.openqa.selenium.remote.ProtocolHandshake.createSession(ProtocolHandshake.java:74)
	at org.openqa.selenium.remote.HttpCommandExecutor.execute(HttpCommandExecutor.java:136)
	at org.openqa.selenium.remote.service.DriverCommandExecutor.execute(DriverCommandExecutor.java:83)
	at org.openqa.selenium.remote.RemoteWebDriver.execute(RemoteWebDriver.java:552)
	at org.openqa.selenium.remote.RemoteWebDriver.startSession(RemoteWebDriver.java:213)
	at org.openqa.selenium.remote.RemoteWebDriver.<init>(RemoteWebDriver.java:131)
	at org.openqa.selenium.chrome.ChromeDriver.<init>(ChromeDriver.java:181)
	at org.openqa.selenium.chrome.ChromeDriver.<init>(ChromeDriver.java:168)
	at org.openqa.selenium.chrome.ChromeDriver.<init>(ChromeDriver.java:123)
	at resource.Baseclass.initializeDriver(Baseclass.java:34)
	at SeleniumProject.Homepage.beforetest(Homepage.java:24)
	at sun.reflect.NativeMethodAccessorImpl.invoke0(Native Method)
	at sun.reflect.NativeMethodAccessorImpl.invoke(NativeMethodAccessorImpl.java:62)
	at sun.reflect.DelegatingMethodAccessorImpl.invoke(DelegatingMethodAccessorImpl.java:43)
	at java.lang.reflect.Method.invoke(Method.java:498)
	at org.testng.internal.MethodInvocationHelper.invokeMethod(MethodInvocationHelper.java:80)
	at org.testng.internal.Invoker.invokeConfigurationMethod(Invoker.java:564)
	at org.testng.internal.Invoker.invokeConfigurations(Invoker.java:213)
	at org.testng.internal.Invoker.invokeConfigurations(Invoker.java:138)
	at org.testng.TestRunner.beforeRun(TestRunner.java:641)
	at org.testng.TestRunner.run(TestRunner.java:609)
	at org.testng.SuiteRunner.runTest(SuiteRunner.java:334)
	at org.testng.SuiteRunner.runSequentially(SuiteRunner.java:329)
	at org.testng.SuiteRunner.privateRun(SuiteRunner.java:291)
	at org.testng.SuiteRunner.run(SuiteRunner.java:240)
	at org.testng.SuiteRunnerWorker.runSuite(SuiteRunnerWorker.java:52)
	at org.testng.SuiteRunnerWorker.run(SuiteRunnerWorker.java:86)
	at org.testng.TestNG.runSuitesSequentially(TestNG.java:1198)
	at org.testng.TestNG.runSuitesLocally(TestNG.java:1123)
	at org.testng.TestNG.run(TestNG.java:1031)
	at org.testng.remote.AbstractRemoteTestNG.run(AbstractRemoteTestNG.java:126)
	at org.testng.remote.RemoteTestNG.initAndRun(RemoteTestNG.java:137)
	at org.testng.remote.RemoteTestNG.main(RemoteTestNG.java:58)
]]>
    </failure>
  </testcase> <!-- basepagenavigation -->
</testsuite> <!-- SeleniumProject.Homepage -->
