<?xml version="1.0" encoding="UTF-8"?>
<!-- Generated by org.testng.reporters.JUnitReportReporter -->
<testsuite hostname="Admin-PC" name="SeleniumProject.validateTitle" tests="1" failures="1" timestamp="6 Sep 2020 00:04:11 GMT" time="0.001" errors="0">
  <testcase name="basepagenavigation" time="0.001" classname="SeleniumProject.validateTitle">
    <failure type="org.openqa.selenium.SessionNotCreatedException" message="session not created: This version of ChromeDriver only supports Chrome version 83
Build info: version: &#039;3.141.59&#039;, revision: &#039;e82be7d358&#039;, time: &#039;2018-11-14T08:17:03&#039;
System info: host: &#039;ADMIN-PC&#039;, ip: &#039;192.168.43.190&#039;, os.name: &#039;Windows 7&#039;, os.arch: &#039;amd64&#039;, os.version: &#039;6.1&#039;, java.version: &#039;1.8.0_131&#039;
Driver info: driver.version: ChromeDriver
remote stacktrace: Backtrace:
	Ordinal0 [0x012C9563+2725219]
	Ordinal0 [0x011C8551+1672529]
	Ordinal0 [0x010B0359+525145]
	Ordinal0 [0x01040B77+68471]
	Ordinal0 [0x0103D32C+54060]
	Ordinal0 [0x0105CC37+183351]
	Ordinal0 [0x0105CA3D+182845]
	Ordinal0 [0x0105A94B+174411]
	Ordinal0 [0x01042528+75048]
	Ordinal0 [0x010435A0+79264]
	Ordinal0 [0x01043539+79161]
	Ordinal0 [0x011DD607+1758727]
	GetHandleVerifier [0x013E6546+1050150]
	GetHandleVerifier [0x013E6291+1049457]
	GetHandleVerifier [0x013F10D7+1094071]
	GetHandleVerifier [0x013E6B46+1051686]
	Ordinal0 [0x011D5B06+1727238]
	Ordinal0 [0x011DEB7B+1764219]
	Ordinal0 [0x011DECE3+1764579]
	Ordinal0 [0x011F4C05+1854469]
	BaseThreadInitThunk [0x76B0338A+18]
	RtlInitializeExceptionChain [0x77119902+99]
	RtlInitializeExceptionChain [0x771198D5+54]
">
      <![CDATA[org.openqa.selenium.SessionNotCreatedException: session not created: This version of ChromeDriver only supports Chrome version 83
Build info: version: '3.141.59', revision: 'e82be7d358', time: '2018-11-14T08:17:03'
System info: host: 'ADMIN-PC', ip: '192.168.43.190', os.name: 'Windows 7', os.arch: 'amd64', os.version: '6.1', java.version: '1.8.0_131'
Driver info: driver.version: ChromeDriver
remote stacktrace: Backtrace:
	Ordinal0 [0x012C9563+2725219]
	Ordinal0 [0x011C8551+1672529]
	Ordinal0 [0x010B0359+525145]
	Ordinal0 [0x01040B77+68471]
	Ordinal0 [0x0103D32C+54060]
	Ordinal0 [0x0105CC37+183351]
	Ordinal0 [0x0105CA3D+182845]
	Ordinal0 [0x0105A94B+174411]
	Ordinal0 [0x01042528+75048]
	Ordinal0 [0x010435A0+79264]
	Ordinal0 [0x01043539+79161]
	Ordinal0 [0x011DD607+1758727]
	GetHandleVerifier [0x013E6546+1050150]
	GetHandleVerifier [0x013E6291+1049457]
	GetHandleVerifier [0x013F10D7+1094071]
	GetHandleVerifier [0x013E6B46+1051686]
	Ordinal0 [0x011D5B06+1727238]
	Ordinal0 [0x011DEB7B+1764219]
	Ordinal0 [0x011DECE3+1764579]
	Ordinal0 [0x011F4C05+1854469]
	BaseThreadInitThunk [0x76B0338A+18]
	RtlInitializeExceptionChain [0x77119902+99]
	RtlInitializeExceptionChain [0x771198D5+54]

	at sun.reflect.NativeConstructorAccessorImpl.newInstance0(Native Method)
	at sun.reflect.NativeConstructorAccessorImpl.newInstance(NativeConstructorAccessorImpl.java:62)
	at sun.reflect.DelegatingConstructorAccessorImpl.newInstance(DelegatingConstructorAccessorImpl.java:45)
	at java.lang.reflect.Constructor.newInstance(Constructor.java:423)
	at org.openqa.selenium.remote.W3CHandshakeResponse.lambda$errorHandler$0(W3CHandshakeResponse.java:62)
	at org.openqa.selenium.remote.HandshakeResponse.lambda$getResponseFunction$0(HandshakeResponse.java:30)
	at org.openqa.selenium.remote.ProtocolHandshake.lambda$createSession$0(ProtocolHandshake.java:126)
	at java.util.stream.ReferencePipeline$3$1.accept(ReferencePipeline.java:193)
	at java.util.Spliterators$ArraySpliterator.tryAdvance(Spliterators.java:958)
	at java.util.stream.ReferencePipeline.forEachWithCancel(ReferencePipeline.java:126)
	at java.util.stream.AbstractPipeline.copyIntoWithCancel(AbstractPipeline.java:498)
	at java.util.stream.AbstractPipeline.copyInto(AbstractPipeline.java:485)
	at java.util.stream.AbstractPipeline.wrapAndCopyInto(AbstractPipeline.java:471)
	at java.util.stream.FindOps$FindOp.evaluateSequential(FindOps.java:152)
	at java.util.stream.AbstractPipeline.evaluate(AbstractPipeline.java:234)
	at java.util.stream.ReferencePipeline.findFirst(ReferencePipeline.java:464)
	at org.openqa.selenium.remote.ProtocolHandshake.createSession(ProtocolHandshake.java:128)
	at org.openqa.selenium.remote.ProtocolHandshake.createSession(ProtocolHandshake.java:74)
	at org.openqa.selenium.remote.HttpCommandExecutor.execute(HttpCommandExecutor.java:136)
	at org.openqa.selenium.remote.service.DriverCommandExecutor.execute(DriverCommandExecutor.java:83)
	at org.openqa.selenium.remote.RemoteWebDriver.execute(RemoteWebDriver.java:552)
	at org.openqa.selenium.remote.RemoteWebDriver.startSession(RemoteWebDriver.java:213)
	at org.openqa.selenium.remote.RemoteWebDriver.<init>(RemoteWebDriver.java:131)
	at org.openqa.selenium.chrome.ChromeDriver.<init>(ChromeDriver.java:181)
	at org.openqa.selenium.chrome.ChromeDriver.<init>(ChromeDriver.java:168)
	at org.openqa.selenium.chrome.ChromeDriver.<init>(ChromeDriver.java:123)
	at resource.Baseclass.initializeDriver(Baseclass.java:34)
	at SeleniumProject.validateTitle.befretest(validateTitle.java:25)
	at sun.reflect.NativeMethodAccessorImpl.invoke0(Native Method)
	at sun.reflect.NativeMethodAccessorImpl.invoke(NativeMethodAccessorImpl.java:62)
	at sun.reflect.DelegatingMethodAccessorImpl.invoke(DelegatingMethodAccessorImpl.java:43)
	at java.lang.reflect.Method.invoke(Method.java:498)
	at org.testng.internal.MethodInvocationHelper.invokeMethod(MethodInvocationHelper.java:80)
	at org.testng.internal.Invoker.invokeConfigurationMethod(Invoker.java:564)
	at org.testng.internal.Invoker.invokeConfigurations(Invoker.java:213)
	at org.testng.internal.Invoker.invokeConfigurations(Invoker.java:138)
	at org.testng.TestRunner.beforeRun(TestRunner.java:641)
	at org.testng.TestRunner.run(TestRunner.java:609)
	at org.testng.SuiteRunner.runTest(SuiteRunner.java:334)
	at org.testng.SuiteRunner.runSequentially(SuiteRunner.java:329)
	at org.testng.SuiteRunner.privateRun(SuiteRunner.java:291)
	at org.testng.SuiteRunner.run(SuiteRunner.java:240)
	at org.testng.SuiteRunnerWorker.runSuite(SuiteRunnerWorker.java:52)
	at org.testng.SuiteRunnerWorker.run(SuiteRunnerWorker.java:86)
	at org.testng.TestNG.runSuitesSequentially(TestNG.java:1198)
	at org.testng.TestNG.runSuitesLocally(TestNG.java:1123)
	at org.testng.TestNG.run(TestNG.java:1031)
	at org.testng.remote.AbstractRemoteTestNG.run(AbstractRemoteTestNG.java:126)
	at org.testng.remote.RemoteTestNG.initAndRun(RemoteTestNG.java:137)
	at org.testng.remote.RemoteTestNG.main(RemoteTestNG.java:58)
]]>
    </failure>
  </testcase> <!-- basepagenavigation -->
</testsuite> <!-- SeleniumProject.validateTitle -->
