<?xml version="1.0" encoding="UTF-8"?>
<!-- Generated by org.testng.reporters.JUnitXMLReporter -->
<testsuite hostname="Admin-PC" name="Titlevalidation" tests="1" failures="1" timestamp="16 Aug 2020 17:01:53 GMT" time="9.298" errors="0">
  <testcase name="basepagenavigation" time="0.078" classname="SeleniumProject.validateTitle">
    <failure type="java.lang.AssertionError" message="expected [FEATURED COURSES123] but found [FEATURED COURSES]">
      <![CDATA[java.lang.AssertionError: expected [FEATURED COURSES123] but found [FEATURED COURSES]
	at SeleniumProject.validateTitle.basepagenavigation(validateTitle.java:39)
... Removed 29 stack frames]]>
    </failure>
  </testcase> <!-- basepagenavigation -->
</testsuite> <!-- Titlevalidation -->
